c:\uniwork\year2\year2 term2\portfolio\clickergame\clickergame\x64\release\vc143.pdb
c:\uniwork\year2\year2 term2\portfolio\clickergame\clickergame\x64\release\userinterface.obj
c:\uniwork\year2\year2 term2\portfolio\clickergame\clickergame\x64\release\towers.obj
c:\uniwork\year2\year2 term2\portfolio\clickergame\clickergame\x64\release\titlescreen.obj
c:\uniwork\year2\year2 term2\portfolio\clickergame\clickergame\x64\release\egg.obj
c:\uniwork\year2\year2 term2\portfolio\clickergame\clickergame\x64\release\player.obj
c:\uniwork\year2\year2 term2\portfolio\clickergame\clickergame\x64\release\khaos.obj
c:\uniwork\year2\year2 term2\portfolio\clickergame\clickergame\x64\release\generalfunctions.obj
c:\uniwork\year2\year2 term2\portfolio\clickergame\clickergame\x64\release\cursor.obj
c:\uniwork\year2\year2 term2\portfolio\clickergame\clickergame\x64\release\clickergame.obj
c:\uniwork\year2\year2 term2\portfolio\clickergame\x64\release\clickergame.exe
c:\uniwork\year2\year2 term2\portfolio\clickergame\x64\release\clickergame.pdb
c:\uniwork\year2\year2 term2\portfolio\clickergame\clickergame\x64\release\clickergame.ipdb
c:\uniwork\year2\year2 term2\portfolio\clickergame\clickergame\x64\release\clickergame.iobj
c:\uniwork\year2\year2 term2\portfolio\clickergame\clickergame\x64\release\clickergame.tlog\cl.command.1.tlog
c:\uniwork\year2\year2 term2\portfolio\clickergame\clickergame\x64\release\clickergame.tlog\cl.items.tlog
c:\uniwork\year2\year2 term2\portfolio\clickergame\clickergame\x64\release\clickergame.tlog\cl.read.1.tlog
c:\uniwork\year2\year2 term2\portfolio\clickergame\clickergame\x64\release\clickergame.tlog\cl.write.1.tlog
c:\uniwork\year2\year2 term2\portfolio\clickergame\clickergame\x64\release\clickergame.tlog\link.command.1.tlog
c:\uniwork\year2\year2 term2\portfolio\clickergame\clickergame\x64\release\clickergame.tlog\link.read.1.tlog
c:\uniwork\year2\year2 term2\portfolio\clickergame\clickergame\x64\release\clickergame.tlog\link.secondary.1.tlog
c:\uniwork\year2\year2 term2\portfolio\clickergame\clickergame\x64\release\clickergame.tlog\link.write.1.tlog
